<?xml version="1.0" encoding="UTF-8"?>
<testsuite name="pl.edu.mimuw.MatrixNormTest$FrobeniusNormTest" tests="5" skipped="0" failures="0" errors="0" timestamp="2022-05-17T22:03:46" hostname="michal-Inspiron-5570" time="0.33">
  <properties/>
  <testcase name="testAntiDiagonal()" classname="pl.edu.mimuw.MatrixNormTest$FrobeniusNormTest" time="0.02"/>
  <testcase name="testVector()" classname="pl.edu.mimuw.MatrixNormTest$FrobeniusNormTest" time="0.02"/>
  <testcase name="testFullMatrices()" classname="pl.edu.mimuw.MatrixNormTest$FrobeniusNormTest" time="0.001"/>
  <testcase name="testDiagonal()" classname="pl.edu.mimuw.MatrixNormTest$FrobeniusNormTest" time="0.012"/>
  <testcase name="testSparseMatrices()" classname="pl.edu.mimuw.MatrixNormTest$FrobeniusNormTest" time="0.305"/>
  <system-out><![CDATA[]]></system-out>
  <system-err><![CDATA[]]></system-err>
</testsuite>
